Using pre-set license
Built from '2020.3/staging' branch; Version is '2020.3.10f1 (297d780c91bc) revision 2719096'; Using compiler version '192528614'; Build Type 'Release'
OS: 'Windows 10 Home; OS build 19042.1288; Version 2009; 64bit' Language: 'en' Physical Memory: 8091 MB
BatchMode: 1, IsHumanControllingUs: 0, StartBugReporterOnCrash: 0, Is64bit: 1, IsPro: 0

 COMMAND LINE ARGUMENTS:
C:\Program Files\Unity\Hub\Editor\2020.3.10f1\Editor\Unity.exe
-adb2
-batchMode
-noUpm
-name
AssetImportWorker5
-projectPath
C:/Users/ASUS PC/Documents/GitHub/Wander22/Wander game
-logFile
Logs/AssetImportWorker5.log
-srvPort
55490
Successfully changed project path to: C:/Users/ASUS PC/Documents/GitHub/Wander22/Wander game
C:/Users/ASUS PC/Documents/GitHub/Wander22/Wander game
Using Asset Import Pipeline V2.
Refreshing native plugins compatible for Editor in 102.32 ms, found 2 plugins.
Preloading 0 native plugins for Editor in 0.00 ms.
Initialize engine version: 2020.3.10f1 (297d780c91bc)
[Subsystems] Discovering subsystems at path C:/Program Files/Unity/Hub/Editor/2020.3.10f1/Editor/Data/Resources/UnitySubsystems
[Subsystems] Discovering subsystems at path C:/Users/ASUS PC/Documents/GitHub/Wander22/Wander game/Assets
GfxDevice: creating device client; threaded=0
Direct3D:
    Version:  Direct3D 11.0 [level 11.1]
    Renderer: Intel(R) HD Graphics 520 (ID=0x1916)
    Vendor:   
    VRAM:     4045 MB
    Driver:   30.0.100.9864
Initialize mono
Mono path[0] = 'C:/Program Files/Unity/Hub/Editor/2020.3.10f1/Editor/Data/Managed'
Mono path[1] = 'C:/Program Files/Unity/Hub/Editor/2020.3.10f1/Editor/Data/MonoBleedingEdge/lib/mono/unityjit'
Mono config path = 'C:/Program Files/Unity/Hub/Editor/2020.3.10f1/Editor/Data/MonoBleedingEdge/etc'
Using monoOptions --debugger-agent=transport=dt_socket,embedding=1,server=y,suspend=n,address=127.0.0.1:56608
Begin MonoManager ReloadAssembly
Registering precompiled unity dll's ...
Register platform support module: C:/Program Files/Unity/Hub/Editor/2020.3.10f1/Editor/Data/PlaybackEngines/WindowsStandaloneSupport/UnityEditor.WindowsStandalone.Extensions.dll
Registered in 0.013525 seconds.
Native extension for WindowsStandalone target not found
Refreshing native plugins compatible for Editor in 94.48 ms, found 2 plugins.
Preloading 0 native plugins for Editor in 0.00 ms.
Mono: successfully reloaded assembly
- Completed reload, in  2.303 seconds
Platform modules already initialized, skipping
Registering precompiled user dll's ...
Registered in 0.018819 seconds.
Begin MonoManager ReloadAssembly
Native extension for WindowsStandalone target not found
Refreshing native plugins compatible for Editor in 0.83 ms, found 2 plugins.
Preloading 0 native plugins for Editor in 0.00 ms.
Mono: successfully reloaded assembly
- Completed reload, in  4.769 seconds
Platform modules already initialized, skipping
========================================================================
Worker process is ready to serve import requests
Launched and connected shader compiler UnityShaderCompiler.exe after 0.61 seconds
Refreshing native plugins compatible for Editor in 0.70 ms, found 2 plugins.
Preloading 0 native plugins for Editor in 0.00 ms.
Unloading 1947 Unused Serialized files (Serialized files now loaded: 0)
System memory in use before: 104.4 MB.
System memory in use after: 104.4 MB.

Unloading 19 unused Assets to reduce memory usage. Loaded Objects now: 2396.
Total: 3.880900 ms (FindLiveObjects: 0.324900 ms CreateObjectMapping: 0.141000 ms MarkObjects: 3.153200 ms  DeleteObjects: 0.260100 ms)

========================================================================
Received Import Request.
  path: Assets/Scenes/Space-planets.unity
  artifactKey: Guid(e17b1d8931a9db54d9e043c1d8d32258) Importer(815301076,1909f56bfc062723c751e8b465ee728b)
Start importing Assets/Scenes/Space-planets.unity using Guid(e17b1d8931a9db54d9e043c1d8d32258) Importer(815301076,1909f56bfc062723c751e8b465ee728b)  -> (artifact id: '1e3f6c391ea3687ec296933a262d5b54') in 0.040436 seconds
  Import took 0.044990 seconds .

========================================================================
Received Import Request.
  Time since last request: 0.000557 seconds.
  path: Assets/AssetStoreOriginals/_SNAPS_PrototypingAssets/About/Readme.asset
  artifactKey: Guid(83c2ed844a8c74b779a4c823d16594b1) Importer(815301076,1909f56bfc062723c751e8b465ee728b)
Start importing Assets/AssetStoreOriginals/_SNAPS_PrototypingAssets/About/Readme.asset using Guid(83c2ed844a8c74b779a4c823d16594b1) Importer(815301076,1909f56bfc062723c751e8b465ee728b)  -> (artifact id: 'cf2ebd2844e1cee09475f357c3afb310') in 0.143572 seconds
  Import took 0.147864 seconds .

========================================================================
Received Import Request.
  Time since last request: 782.782466 seconds.
  path: Assets/SpaceZeta_StreetLamps/Floor_mat.mat
  artifactKey: Guid(194a7e2c4a9fc5f409dca86a97e93fea) Importer(815301076,1909f56bfc062723c751e8b465ee728b)
Start importing Assets/SpaceZeta_StreetLamps/Floor_mat.mat using Guid(194a7e2c4a9fc5f409dca86a97e93fea) Importer(815301076,1909f56bfc062723c751e8b465ee728b)  -> (artifact id: '4d7fdaa90bbdc4c78ac206a399ad7ac9') in 0.230856 seconds
  Import took 0.236713 seconds .

========================================================================
Received Import Request.
  Time since last request: 2.061027 seconds.
  path: Assets/Scenes/ParkIntroduction.unity
  artifactKey: Guid(d4d08a4672566754e8d963220899450f) Importer(815301076,1909f56bfc062723c751e8b465ee728b)
Start importing Assets/Scenes/ParkIntroduction.unity using Guid(d4d08a4672566754e8d963220899450f) Importer(815301076,1909f56bfc062723c751e8b465ee728b)  -> (artifact id: '4cd78aac5011d13a377eae9c54305ed8') in 0.010843 seconds
  Import took 0.016571 seconds .

========================================================================
Received Import Request.
  Time since last request: 0.003762 seconds.
  path: Assets/Scenes/ParkIntroduction.unity
  artifactKey: Guid(d4d08a4672566754e8d963220899450f) Importer(815301076,1909f56bfc062723c751e8b465ee728b)
Start importing Assets/Scenes/ParkIntroduction.unity using Guid(d4d08a4672566754e8d963220899450f) Importer(815301076,1909f56bfc062723c751e8b465ee728b)  -> (artifact id: '4cd78aac5011d13a377eae9c54305ed8') in 0.008501 seconds
  Import took 0.013997 seconds .

========================================================================
Received Prepare
Registering precompiled user dll's ...
Registered in 0.014033 seconds.
Begin MonoManager ReloadAssembly
Native extension for WindowsStandalone target not found
Refreshing native plugins compatible for Editor in 0.61 ms, found 2 plugins.
Preloading 0 native plugins for Editor in 0.00 ms.
Mono: successfully reloaded assembly
- Completed reload, in  2.203 seconds
Platform modules already initialized, skipping
Refreshing native plugins compatible for Editor in 0.62 ms, found 2 plugins.
Preloading 0 native plugins for Editor in 0.00 ms.
Unloading 1884 Unused Serialized files (Serialized files now loaded: 0)
System memory in use before: 101.9 MB.
System memory in use after: 102.0 MB.

Unloading 14 unused Assets to reduce memory usage. Loaded Objects now: 2439.
Total: 4.574000 ms (FindLiveObjects: 0.259600 ms CreateObjectMapping: 0.076400 ms MarkObjects: 4.036000 ms  DeleteObjects: 0.199000 ms)

AssetImportWorkerClient::OnTransportError - code=2 error=End of file
